0 info it worked if it ends with ok
1 verbose cli [ 'C:\\Program Files\\nodejs\\node.exe',
1 verbose cli   'C:\\Users\\Marc-Philippe\\AppData\\Roaming\\npm\\node_modules\\npm\\bin\\npm-cli.js',
1 verbose cli   'start' ]
2 info using npm@3.10.8
3 info using node@v6.9.1
4 verbose run-script [ 'prestart', 'start', 'poststart' ]
5 info lifecycle lugjs@0.0.5~prestart: lugjs@0.0.5
6 silly lifecycle lugjs@0.0.5~prestart: no script for prestart, continuing
7 info lifecycle lugjs@0.0.5~start: lugjs@0.0.5
8 verbose lifecycle lugjs@0.0.5~start: unsafe-perm in lifecycle true
9 verbose lifecycle lugjs@0.0.5~start: PATH: C:\Users\Marc-Philippe\AppData\Roaming\npm\node_modules\npm\bin\node-gyp-bin;D:\LugJS\node_modules\.bin;C:\ProgramData\Oracle\Java\javapath;C:\WINDOWS\system32;C:\WINDOWS;C:\WINDOWS\System32\Wbem;C:\WINDOWS\System32\WindowsPowerShell\v1.0\;C:\Program Files (x86)\Skype\Phone\;C:\Anaconda3;C:\Anaconda3\Scripts;C:\Anaconda3\Library\bin;C:\Program Files\jEdit;C:\Program Files\Git\cmd;C:\Program Files\TortoiseSVN\bin;C:\Program Files\nodejs\;C:\ProgramData\chocolatey\bin;C:\GNAT\2016\bin;C:\Program Files\MongoDB\Server\3.2\bin;C:\Users\Marc-Philippe\AppData\Local\Microsoft\WindowsApps;C:\Program Files (x86)\Microsoft VS Code\bin;C:\Users\Marc-Philippe\AppData\Roaming\npm;C:\Users\Marc-Philippe\AppData\Local\atom\bin
10 verbose lifecycle lugjs@0.0.5~start: CWD: D:\LugJS
11 silly lifecycle lugjs@0.0.5~start: Args: [ '/d /s /c', 'node index.js' ]
12 silly lifecycle lugjs@0.0.5~start: Returned: code: 1  signal: null
13 info lifecycle lugjs@0.0.5~start: Failed to exec start script
14 verbose stack Error: lugjs@0.0.5 start: `node index.js`
14 verbose stack Exit status 1
14 verbose stack     at EventEmitter.<anonymous> (C:\Users\Marc-Philippe\AppData\Roaming\npm\node_modules\npm\lib\utils\lifecycle.js:255:16)
14 verbose stack     at emitTwo (events.js:106:13)
14 verbose stack     at EventEmitter.emit (events.js:191:7)
14 verbose stack     at ChildProcess.<anonymous> (C:\Users\Marc-Philippe\AppData\Roaming\npm\node_modules\npm\lib\utils\spawn.js:40:14)
14 verbose stack     at emitTwo (events.js:106:13)
14 verbose stack     at ChildProcess.emit (events.js:191:7)
14 verbose stack     at maybeClose (internal/child_process.js:877:16)
14 verbose stack     at Process.ChildProcess._handle.onexit (internal/child_process.js:226:5)
15 verbose pkgid lugjs@0.0.5
16 verbose cwd D:\LugJS
17 error Windows_NT 10.0.14393
18 error argv "C:\\Program Files\\nodejs\\node.exe" "C:\\Users\\Marc-Philippe\\AppData\\Roaming\\npm\\node_modules\\npm\\bin\\npm-cli.js" "start"
19 error node v6.9.1
20 error npm  v3.10.8
21 error code ELIFECYCLE
22 error lugjs@0.0.5 start: `node index.js`
22 error Exit status 1
23 error Failed at the lugjs@0.0.5 start script 'node index.js'.
23 error Make sure you have the latest version of node.js and npm installed.
23 error If you do, this is most likely a problem with the lugjs package,
23 error not with npm itself.
23 error Tell the author that this fails on your system:
23 error     node index.js
23 error You can get information on how to open an issue for this project with:
23 error     npm bugs lugjs
23 error Or if that isn't available, you can get their info via:
23 error     npm owner ls lugjs
23 error There is likely additional logging output above.
24 verbose exit [ 1, true ]
